         w __deregister_frame_info
         w _ITM_deregisterTMCloneTable
         w _ITM_registerTMCloneTable
         w __register_frame_info
00000000 00000401 b __fixedpath
00000000 b .LANCHOR1
00000000 a shift
00000000 a shift
00000000 b _TLS_MODULE_BASE_
00000404 b .LANCHOR3
00000404 00000802 b __utf16path
00000c08 b .LANCHOR5
00000c08 00000802 b __utf16path_old.8457
00100000 T _start
00100000 A __start__
00100008 T __service_ptr
0010000c T __apt_appid
00100010 T __heap_size
00100014 T __linear_heap_size
00100018 T __system_arglist
0010001c T __system_runflags
00100020 t startup
00100058 t ClearMem
0010006c t ClrLoop
00100094 T _init
001000ac T initSystem
001000f0 T __ctru_exit
00100110 T __aeabi_uidiv
00100110 000001ec T __udivsi3
00100110 t .udivsi3_skip_div0_test
001002fc 00000020 T __aeabi_uidivmod
0010031c T __aeabi_idiv
0010031c 00000220 T __divsi3
00100324 t .divsi3_skip_div0_test
0010053c 00000020 T __aeabi_idivmod
0010055c 00000004 W __aeabi_idiv0
0010055c 00000004 W __aeabi_ldiv0
00100560 T __aeabi_drsub
00100568 000002b0 T __aeabi_dsub
00100568 000002b0 T __subdf3
0010056c 000002ac T __adddf3
0010056c 000002ac T __aeabi_dadd
00100818 00000024 T __aeabi_ui2d
00100818 00000024 T __floatunsidf
0010083c 00000028 T __aeabi_i2d
0010083c 00000028 T __floatsidf
00100864 00000048 T __aeabi_f2d
00100864 00000048 T __extendsfdf2
001008ac 00000074 T __aeabi_ul2d
001008ac 00000074 T __floatundidf
001008c0 00000060 T __aeabi_l2d
001008c0 00000060 T __floatdidf
00100920 T __aeabi_uldivmod
00100968 00000390 T strcmp
00100cf0 T __aeabi_ldivmod
00100dc4 t deregister_tm_clones
00100df0 t register_tm_clones
00100e28 t __do_global_dtors_aux
00100e6c t frame_dummy
00100ea0 0000007c T Init_Services
00100f1c 00000070 T Term_Services
00100f90 00000900 T main
00101890 0000008c T Hardware_GetBrightness
0010191c 0000006c T System_GetModel
00101988 0000006c T System_GetRegion
001019f4 000000f8 T System_GetFirmRegion
00101aec 00000074 T System_GetLang
00101b60 00000064 T System_GetMacAddress
00101bc4 00000038 T System_GetRunningHW
00101bfc 00000180 T System_GetScreenType
00101d7c 00000038 T System_GetLocalFriendCodeSeed
00101db4 00000024 T System_GetSerialNumber
00101dd8 00000034 T System_GetSoapId
00101e0c 00000048 T Storage_GetFreeStorage
00101e54 00000048 T Storage_GetTotalStorage
00101ea0 0000009c T Utils_GetSizeString
00101f3c 0000002c T Utils_IsN3DS
00101f68 00000070 T Utils_ExtractBetween
00101fd8 000000a8 t generateScreenshotFileName.constprop.0
00102080 000002d4 T Screenshot_Capture
00102354 0000002c T Misc_TitleCount
00102380 0000005c T WiFi_GetSecurityMode
001023dc 000001b0 T Kernel_GetInitalVersion
0010258c 00000188 T Kernel_GetVersion
00102714 000000bc T Kernel_GetSDMCCID
001027d0 000000bc T Kernel_GetNANDCID
0010288c 0000002c T Kernel_GetDeviceId
001028b8 0000004c T FS_OpenArchive
00102904 00000010 T FS_CloseArchive
00102914 00000048 T FS_MakeDir
0010295c 00000070 T FS_FileExists
001029cc 0000005c T FS_DirExists
00102a28 00000014 T aciInit
00102a3c 00000010 T aciExit
00102a4c 00000034 T ACI_LoadWiFiSlot
00102a80 00000040 T ACI_GetSSID
00102ac0 00000040 T ACI_GetPassphrase
00102b00 0000003c T ACI_GetSecurityMode
00102b3c 00000088 T actInit
00102bc4 00000034 T actExit
00102bf8 00000050 T ACTU_GetAccountDataBlock
00102c48 00000058 t getSysTime
00102ca0 00000028 t __ctru_speedup_config.part.0
00102cc8 00000024 T osGetMemRegionUsed
00102cf0 00000128 T __libctru_gtod
00102e18 00000018 T __ctru_speedup_config
00102e30 00000024 T osSetSpeedupEnable
00102e54 000001b8 T consoleDrawChar
0010300c 00000124 T consolePrintChar
00103130 00000164 t consoleCls
00103294 00000104 T consoleInit
00103398 00000114 t consoleClearLine
001034ac 000000c4 t newRow
00103570 000007b8 T con_write
00103d28 000000dc t __read_versionbin.constprop.0
00103e04 00000114 T osGetSystemVersionData
00103f18 00000058 T srvExit
00103f70 00000038 T srvRegisterClient
00103fa8 000000c8 T srvInit
00104070 00000080 T srvGetServiceHandleDirect
001040f0 00000038 T srvGetServiceHandle
00104128 0000008c t gfxSetFramebufferInfo.part.0
001041b4 0000006c t gfxSetFramebufferInfo
00104220 00000058 t gfxGetFramebuffer.part.1
00104278 00000018 T __get_bytes_per_pixel
00104290 00000184 T gfxSetScreenFormat
00104414 00000010 T gfxSetDoubleBuffering
00104424 00000210 T gfxInit
00104634 00000010 T gfxInitDefault
00104644 000000e0 T gfxExit
00104724 00000060 T gfxGetFramebuffer
00104784 000000cc T gfxFlushBuffers
00104850 000000f8 T gfxConfigScreen
00104948 00000020 T gfxSwapBuffers
00104968 00000020 T gfxSwapBuffersGpu
00104988 000000a4 T cfguInit
00104a2c 0000003c T cfguExit
00104a68 00000038 T CFGU_SecureInfoGetRegion
00104aa0 00000038 T CFGU_GetSystemModel
00104ad8 00000044 T CFGU_GetConfigInfoBlk2
00104b1c 00000014 T CFGU_GetSystemLanguage
00104b30 00000044 T CFGI_SecureInfoGetSerialNumber
00104b74 0000003c T CFGI_GetLocalFriendCodeSeed
00104bb0 0000000c T srvPmGetSessionHandle
00104bbc 0000003c T dspExit
00104bf8 0000002c T DSP_UnloadComponent
00104c24 00000080 T dspInit
00104ca4 00000074 T gspInit
00104d18 0000003c T gspExit
00104d54 000000a0 T gspInitEventHandler
00104df4 00000040 T gspExitEventHandler
00104e34 00000044 T gspWaitForEvent
00104e78 00000004 W gxCmdQueueInterrupt
00104e7c 00000178 t gspEventThreadMain
00104ff4 00000068 T GSPGPU_ReadHWRegs
0010505c 0000006c T GSPGPU_SetBufferSwap
001050c8 0000004c T GSPGPU_FlushDataCache
00105114 00000034 T GSPGPU_SetLcdForceBlack
00105148 00000064 T GSPGPU_RegisterInterruptRelayQueue
001051ac 0000002c T GSPGPU_UnregisterInterruptRelayQueue
001051d8 00000048 T GSPGPU_AcquireRight
00105220 0000002c T GSPGPU_ReleaseRight
0010524c 00000080 T GSPGPU_ImportDisplayCaptureInfo
001052cc 0000002c T GSPGPU_SaveVramSysArea
001052f8 0000002c T GSPGPU_RestoreVramSysArea
00105324 00000074 T mcuHwcInit
00105398 0000003c T mcuHwcExit
001053d4 00000038 T MCUHWC_GetBatteryVoltage
0010540c 00000038 T MCUHWC_GetBatteryLevel
00105444 00000038 T MCUHWC_GetFwVerHigh
0010547c 00000038 T MCUHWC_GetFwVerLow
001054b4 0000003c T acExit
001054f0 000000a4 T amInit
00105594 0000008c T amAppInit
00105620 0000003c T amExit
0010565c 00000048 T AM_GetTitleCount
001056a4 00000040 T AM_GetDeviceId
001056e4 00000004 W _aptDebug
001056e8 00000170 T aptSendCommand
00105858 0000003c t aptExitProcess
00105894 0000004c T APT_InquireNotification
001058e0 00000198 t aptEventHandler
00105a78 00000074 T APT_AppletUtility
00105aec 000000b0 T aptSetSleepAllowed
00105b9c 000000b0 T APT_GlanceParameter
00105c4c 000000c4 T APT_ReceiveParameter
00105d10 000000bc t aptReceiveParameter.constprop.0
00105dd0 000001e0 t aptScreenTransfer
00105fb0 00000210 t aptWaitForWakeUp
001061c0 00000070 T APT_CancelParameter
00106230 0000025c T aptInit
0010648c 00000088 t aptClearParamQueue
00106514 00000208 T aptMainLoop
00106720 0000023c T aptExit
0010695c 00000030 T APT_SetAppCpuTimeLimit
0010698c 0000003c T APT_GetAppCpuTimeLimit
001069c8 0000007c T APT_CheckNew3DS
00106a44 00000074 T ptmuInit
00106ab8 0000003c T ptmuExit
00106af4 00000038 T PTMU_GetBatteryChargeState
00106b2c 00000044 T PTMU_GetAdapterState
00106b70 00000028 t hidCheckSectionUpdateTime.part.0
00106b98 000000d0 T hidExit
00106c68 00000210 T hidScanInput
00106e78 00000010 T hidKeysHeld
00106e88 00000010 T hidKeysDown
00106e98 00000090 T HIDUSER_GetHandles
00106f28 000001a4 T hidInit
001070cc 00000038 T HIDUSER_GetSoundVolume
00107104 00000074 T ptmSysmInit
00107178 0000003c T ptmSysmExit
001071b4 00000034 T PTMSYSM_ConfigureNew3DSCPU
001071e8 00000074 T gspLcdInit
0010725c 0000003c T gspLcdExit
00107298 00000040 T GSPLCD_GetVendors
001072d8 00000028 t fsSessionForArchive.part.0
00107300 000000c4 T fsInit
001073c4 0000003c T fsExit
00107400 00000064 T fsExemptFromSession
00107464 00000054 T fsUnexemptFromSession
001074b8 00000088 T fsMakePath
00107540 000000bc T FSUSER_OpenFile
001075fc 000000d4 T FSUSER_OpenFileDirectly
001076d0 000000a4 T FSUSER_DeleteFile
00107774 000000dc T FSUSER_RenameFile
00107850 000000a4 T FSUSER_DeleteDirectory
001078f4 000000bc T FSUSER_CreateFile
001079b0 000000ac T FSUSER_CreateDirectory
00107a5c 000000dc T FSUSER_RenameDirectory
00107b38 000000a0 T FSUSER_OpenDirectory
00107bd8 00000098 T FSUSER_OpenArchive
00107c70 00000070 T FSUSER_CloseArchive
00107ce0 00000078 T FSUSER_GetSdmcArchiveResource
00107d58 00000064 T FSUSER_IsSdmcWritable
00107dbc 00000058 T FSUSER_GetSdmcCid
00107e14 00000058 T FSUSER_GetNandCid
00107e6c 0000007c T FSUSER_GetArchiveResource
00107ee8 00000058 T FSFILE_Read
00107f40 00000064 T FSFILE_Write
00107fa4 00000038 T FSFILE_GetSize
00107fdc 00000028 T FSFILE_SetSize
00108004 0000003c T FSFILE_Close
00108040 00000024 T FSFILE_Flush
00108064 00000054 T FSDIR_Read
001080b8 0000003c T FSDIR_Close
001080f4 00000050 T gethostid
00108144 00000010 t soc_open
00108154 00000030 t soc_read
00108184 00000030 t soc_write
001081b4 00000090 t soc_close
00108244 0000014c T socInit
00108390 00000088 T socExit
00108418 0000013c T socuipc_cmd7
00108554 00000154 T socuipc_cmd8
001086a8 00000010 T soc_recvfrom
001086b8 0000015c T socuipc_cmd9
00108814 00000160 T socuipc_cmda
00108974 00000010 T soc_sendto
00108984 000000e8 T utf16_to_utf8
00108a6c 00000060 T decode_utf16
00108acc 000000c0 T utf8_to_utf16
00108b8c 00000038 W __libctru_init
00108bc4 00000038 t __libctru_nanosleep
00108bfc 00000030 t __ctru_get_reent
00108c2c 000000fc T __system_initSyscalls
00108d28 00000104 W __system_allocateHeaps
00108e2c 000000f0 T __system_initArgv
00108f1c T svcControlMemory
00108f3c T svcExitProcess
00108f44 T svcCreateThread
00108f64 T svcExitThread
00108f6c T svcSleepThread
00108f74 T svcReleaseMutex
00108f7c T svcCreateEvent
00108f90 T svcSignalEvent
00108f98 T svcClearEvent
00108fa0 T svcCreateMemoryBlock
00108fb8 T svcMapMemoryBlock
00108fc0 T svcUnmapMemoryBlock
00108fc8 T svcCreateAddressArbiter
00108fdc T svcArbitrateAddress
00108ff4 T svcCloseHandle
00108ffc T svcWaitSynchronization
00109004 T svcWaitSynchronizationN
0010902c T svcDuplicateHandle
00109040 T svcGetSystemTick
00109048 T svcGetSystemInfo
00109060 T svcConnectToPort
00109074 T svcSendSyncRequest
0010907c T svcBreak
00109084 00000024 t addrMapNodeComparator(rbtree_node const*, rbtree_node const*)
001090a8 00000004 t addrMapNodeDestructor(rbtree_node*)
001090ac 00000110 T vramMemAlign
001091bc 00000008 T vramAlloc
001091c4 00000050 T vramFree
00109214 00000024 t addrMapNodeComparator(rbtree_node const*, rbtree_node const*)
00109238 00000004 t addrMapNodeDestructor(rbtree_node*)
0010923c 000000e4 T mappableAlloc
00109320 00000050 T mappableFree
00109370 00000024 t addrMapNodeComparator(rbtree_node const*, rbtree_node const*)
00109394 00000004 t addrMapNodeDestructor(rbtree_node*)
00109398 0000011c T linearMemAlign
001094b4 00000008 T linearAlloc
001094bc 00000050 T linearFree
0010950c 00000090 T MemPool::CoalesceRight(MemBlock*)
0010959c 00000174 T MemPool::Allocate(MemChunk&, unsigned long, int)
00109710 000000fc T MemPool::Deallocate(MemChunk const&)
0010980c 00000008 t romfs_close
00109814 000000bc t romfs_seek
001098d0 00000028 t romfs_dirreset
001098f8 00000078 t romfs_fstat
00109970 00000054 t _romfs_read_chk
001099c4 000000dc t romfs_read
00109aa0 00000084 t romfs_free
00109b24 0000016c t romfsMountCommon
00109c90 00000250 t romfs_dirnext
00109ee0 000000b4 t searchForFile.constprop.7
00109f94 000000b8 t searchForDir.constprop.8
0010a04c 000001b4 t navigateToDir.constprop.6
0010a200 00000120 t romfs_open
0010a320 00000208 t romfs_stat
0010a528 00000054 t romfs_chdir
0010a57c 00000078 t romfs_diropen
0010a5f4 00000008 t romfs_dirclose
0010a5fc 00000068 T romfsMountFromFile
0010a664 00000078 T romfsUnmount
0010a6dc 00000038 t LightLock_Unlock.part.1
0010a714 0000000c T __sync_init
0010a720 00000018 T __sync_fini
0010a738 00000010 T __sync_get_arbiter
0010a748 00000018 T LightLock_Init
0010a760 0000009c T LightLock_Lock
0010a7fc 00000034 T LightLock_TryLock
0010a830 00000020 T LightLock_Unlock
0010a850 00000024 T RecursiveLock_Init
0010a874 00000030 T RecursiveLock_Lock
0010a8a4 00000058 T RecursiveLock_TryLock
0010a8fc 00000038 T RecursiveLock_Unlock
0010a934 00000038 T LightEvent_Init
0010a96c 0000007c T LightEvent_Clear
0010a9e8 000000dc T LightEvent_Signal
0010aac4 000000c0 T LightEvent_Wait
0010ab84 00000080 T envGetHandle
0010ac04 0000004c T envDestroyHandles
0010ac50 0000001c t threadFree.part.0
0010ac6c 00000194 T threadCreate
0010ae00 00000024 T threadJoin
0010ae24 00000068 T threadExit
0010ae8c 00000048 t _thread_begin
0010aed4 000000ac T irrstScanInput
0010af80 00000024 T irrstKeysHeld
0010afa4 00000050 T IRRST_GetHandles
0010aff4 00000154 T irrstInit
0010b148 0000002c T IRRST_Shutdown
0010b174 000000ac T irrstExit
0010b220 0000003c T _net_convert_error
0010b25c 00000014 T rbtree_init
0010b270 0000018c t do_insert
0010b3fc 00000008 T rbtree_insert
0010b404 00000090 T rbtree_rotate
0010b494 00000330 T rbtree_remove
0010b7c4 00000074 T rbtree_find
0010b838 00000068 T encode_utf16
0010b8a0 00000104 T encode_utf8
0010b9a4 00000138 T decode_utf8
0010badc 0000001c W __appInit
0010baf8 0000001c W __appExit
0010bb14 000000a0 W __libctru_exit
0010bbb4 00000010 t sdmc_link
0010bbc4 00000010 t sdmc_dirreset
0010bbd4 00000010 t sdmc_chmod
0010bbe4 00000024 t error_cmp
0010bc08 00000050 t sdmc_translate_error
0010bc58 00000034 t sdmc_fsync
0010bc8c 00000054 t sdmc_ftruncate
0010bce0 000000b8 t sdmc_statvfs
0010bd98 00000038 t sdmc_dirclose
0010bdd0 0000012c t sdmc_dirnext
0010befc 00000034 t sdmc_close
0010bf30 00000074 t sdmc_fstat
0010bfa4 000000d8 t sdmc_seek
0010c07c 00000084 t sdmc_read
0010c100 000000c0 t sdmc_write
0010c1c0 000001b0 t sdmc_utf16path
0010c370 00000074 t sdmc_rmdir
0010c3e4 000000a4 t sdmc_diropen
0010c488 000000b0 t sdmc_chdir
0010c538 00000094 t sdmc_mkdir
0010c5cc 00000108 t sdmc_rename
0010c6d4 00000074 t sdmc_unlink
0010c748 00000108 t sdmc_stat
0010c850 00000198 t sdmc_open
0010c9e8 00000010 t sdmc_fchmod
0010c9f8 00000168 T sdmcInit
0010cb60 00000060 T sdmcExit
0010cbc0 00000078 T rbtree_node_next
0010cc38 T __aeabi_read_tp
0010cc44 0000002c T __aeabi_d2lz
0010cc44 0000002c T __fixdfdi
0010cc70 00000040 T __aeabi_d2ulz
0010cc70 00000040 T __fixunsdfdi
0010ccb0 00000128 T __udivmoddi4
0010cdd8 0000007c T bsearch
0010ce54 00000020 T calloc
0010ce74 00000094 T _calloc_r
0010cf08 0000000c T __errno
0010cf14 00000160 T _fclose_r
0010d074 00000018 T fclose
0010d08c 00000270 T __sflush_r
0010d2fc 00000094 T _fflush_r
0010d390 00000038 T fflush
0010d3c8 00000078 t std
0010d440 0000000c T _cleanup_r
0010d44c 00000048 T __sfmoreglue
0010d494 0000008c T __sinit
0010d520 00000110 T __sfp
0010d630 0000000c T __sfp_lock_acquire
0010d63c 0000000c T __sfp_lock_release
0010d648 00000040 T __libc_fini_array
0010d688 0000013c T _fopen_r
0010d7c4 00000020 T fopen
0010d7e4 00000308 T _fread_r
0010daec 00000038 T fread
0010db24 000000f8 T _malloc_trim_r
0010dc1c 000002e4 T _free_r
0010df00 0000001c T _fseek_r
0010df1c 000005d0 T _fseeko_r
0010e4ec 00000078 T _fwalk
0010e564 00000080 T _fwalk_reent
0010e5e4 0000001c T gmtime
0010e600 0000027c T gmtime_r
0010e87c 0000007c T __libc_init_array
0010e8f8 00000094 T __swhatbuf_r
0010e98c 000000f4 T __smakebuf_r
0010ea80 00000020 T memalign
0010eaa0 0000014c T _memalign_r
0010ebec 00000018 T malloc
0010ec04 00000018 T free
0010ec1c 0000078c T _malloc_r
0010f3a8 00000100 T memchr
0010f4a8 000000fc T memcmp
0010f5a4 00000118 T memcpy
0010f6bc 00000114 T memset
0010f7d0 0000000c T __malloc_lock
0010f7dc 0000000c T __malloc_unlock
0010f7e8 00000038 T printf
0010f820 000000e0 T _puts_r
0010f900 00000018 T puts
0010f918 0000001c t lflush
0010f934 000001ac T __srefill_r
0010fae0 0000025c T setvbuf
0010fd3c 000000d4 T snprintf
0010fe10 00000064 T sprintf
0010fe74 00000074 T sscanf
0010fee8 0000003c T __sread
0010ff24 00000008 T __seofread
0010ff2c 00000068 T __swrite
0010ff94 00000048 T __sseek
0010ffdc 00000008 T __sclose
0010ffe4 00000070 T stpcpy
00110054 00000070 T strcat
001100c4 00000180 T strchr
00110244 000000f0 T strcpy
00110334 0000005c T strlen
00110390 00000098 T strncat
00110428 0000010c T strncmp
00110534 000000e0 T strncpy
00110614 0000005c T strnlen
00110670 00000110 t critical_factorization
00110780 000003a0 t two_way_long_needle
00110b20 00000370 T strstr
00110e90 00000630 t get_arg
001114c0 00003640 T _svfprintf_r
00114b00 00000048 t get_arg
00114b48 00002b48 T __ssvfscanf_r
00117690 0000003c T time
001176cc 00000034 T __sprint_r
00117700 00000630 t get_arg
00117d30 00003724 T _vfprintf_r
0011b454 000000d0 t __sbprintf
0011b524 000000a0 T _wcrtomb_r
0011b5c4 00000020 T _wcsrtombs_r
0011b5e4 00000150 T __swsetup_r
0011b734 000001c8 t quorem
0011b900 000012e4 T _dtoa_r
0011cbe4 000000b4 T __sflags
0011cc98 000004a4 T __sfvwrite_r
0011d13c 00000074 T iswspace
0011d1b0 000001e0 t __jp2uc
0011d390 000000c4 T _jp2uc
0011d454 00000008 T __localeconv_l
0011d45c 00000024 T _localeconv_r
0011d480 00000024 T __locale_mb_cur_max
0011d4a4 00000008 T __locale_ctype_ptr_l
0011d4ac 00000024 T __locale_ctype_ptr
0011d4d0 000000b4 T _mbrtowc_r
0011d584 000002fc T __utf8_mbtowc
0011d880 00000154 T memmove
0011d9d4 00000088 T _Balloc
0011da5c 0000001c T _Bfree
0011da78 000000e0 T __multadd
0011db58 000000e4 T __s2b
0011dc3c 00000058 T __hi0bits
0011dc94 0000009c T __lo0bits
0011dd30 00000020 T __i2b
0011dd50 000001c4 T __multiply
0011df14 00000100 T __pow5mult
0011e014 000000f4 T __lshift
0011e108 0000005c T __mcmp
0011e164 00000168 T __mdiff
0011e2cc 00000074 T __ulp
0011e340 000000d4 T __b2d
0011e414 00000100 T __d2b
0011e514 00000084 T __ratio
0011e598 0000006c T __copybits
0011e604 00000078 T __any_on
0011e67c 00000020 T realloc
0011e69c 000004bc T _realloc_r
0011eb58 000000cc T __sccl
0011ec24 0000000c T nanf
0011ec30 000000a8 T frexp
0011ecd8 00000100 T stpncpy
0011edd8 00000054 t sulp
0011ee30 00001404 T _strtod_l
00120234 0000003c T _strtod_r
00120270 00000260 t _strtoll_l.isra.0
001204d0 00000050 T _strtoll_r
00120520 000001b8 t _strtol_l.isra.0
001206d8 00000050 T _strtol_r
00120728 00000260 t _strtoull_l.isra.0
00120988 00000050 T _strtoull_r
001209d8 000001cc t _strtoul_l.isra.0
00120ba4 00000050 T _strtoul_r
00120bf4 00000188 T __ssprint_r
00120d7c 000000e4 T _sungetc_r
00120e60 0000006c T __ssrefill_r
00120ecc 000000c8 T _sfread_r
00120f94 000000a4 T __submore
00121038 00000184 T _wcsnrtombs_l
001211bc 00000064 T _wcsnrtombs_r
00121220 000000e8 T __utf8_wctomb
00121308 000000ec t rshift
001213f4 00000828 T __gethex
00121c1c 00000060 T __match
00121c7c 00000254 T __hexnan
00121ed0 00000008 t null_write
00121ed8 00000018 T setDefaultDevice
00121ef0 000000cc T FindDevice
00121fbc 00000028 T RemoveDevice
00121fe4 00000098 T AddDevice
0012207c 00000084 T _close_r
00122100 00000074 T _fstat_r
00122174 0000002c T _gettimeofday_r
001221a0 00000008 T _isatty_r
001221a8 00000084 T _lseek_r
0012222c 000000c4 T _open_r
001222f0 00000080 T _read_r
00122370 00000070 T _sbrk_r
001223e0 00000080 T _write_r
00122460 000001cc T _concatenate_path
0012262c 0000015c T chdir
00122788 00000008 T __flockfile
00122790 00000008 T __funlockfile
00122798 00000018 T __libc_lock_acquire
001227b0 00000018 T __libc_lock_release
001227c8 00000018 T __libc_lock_init_recursive
001227e0 00000018 T __libc_lock_acquire_recursive
001227f8 00000018 T __libc_lock_release_recursive
00122810 00000018 T __libc_lock_close_recursive
00122828 0000008c T __release_handle
001228b4 000000b4 T __alloc_handle
00122968 00000018 T __get_handle
00122980 00000028 T __getreent
001229a8 00000044 T strrchr
001229ec T _fini
00123080 00000024 r units.14338
001230c8 R default_font_bin
001238c8 R default_font_bin_end
001238c8 R default_font_bin_size
001245dc 00000030 r colorTable
00124660 00000070 r dotab_stdout
001246e0 0000001c r __CVer_tidlow_regionarray
001246fc 0000001c r __NVer_tidlow_regionarray
00124738 00000014 r CSWTCH.56
0012474c 00000008 r framebufferInfoSt
0012483c 0000004d r _net_error_code_map
0012488c 00000030 r error_table
001248cc 00000004 R _global_impure_ptr
0012490c 00000010 r blanks.8705
0012491c 00000010 r zeroes.8706
00124934 00000022 r basefix.8753
00124958 00000010 r blanks.8720
00124968 00000010 r zeroes.8721
00124988 r .LC2
001249a0 000000bc r a1
00124a5c 000000bc r a2
00124b18 0000005b r a3
00124b74 00000070 r a6
00124be4 000000a2 r a7
00124c88 00000040 r a8
00124cc8 0000172a r b02cf
001263f4 00001a7c r d02f4
00127eb8 00000028 R __mprec_bigtens
00127ee0 000000c8 R __mprec_tens
00127fa8 0000000c r p05.7473
00127fc0 00000014 r fpi.7553
00127fd4 00000014 r fpinan.7589
00127fe8 00000028 r tinytens
00128010 0000006c R __action_table
0012807c 00000100 R __chclass
0012817c 0000006c R __state_table
001281e8 00000101 R _ctype_
001282ec 00000100 R __hexdig
001283f4 00000070 R dotab_stdnull
00128464 00000003 R DIRECTORY_PARENT
00128468 r 
00128468 R __exidx_end
00128468 R __exidx_start
00129000 W __stacksize__
00129004 00000004 D currentConsole
00129008 0000004c D defaultConsole
00129054 00000001 d firstConsoleInit.8303
00129055 00000001 d botFormat
00129058 00000008 d doubleBuf
00129060 00000001 d topFormat
00129064 00000004 d gspLastEvent
00129068 00000004 d aptFlags
0012906c 00000070 d soc_devoptab
001290dc 00000004 V __ctru_linear_heap_size
001290e0 00000070 d romFS_devoptab
00129150 00000401 d __cwd
00129554 00000070 d sdmc_devoptab
001295c4 0000000c d __sfp_recursive_mutex
001295d0 0000000c d __sinit_recursive_mutex
001295dc 00000004 D _impure_ptr
001295e0 00000460 d impure_data
00129a40 00000408 D __malloc_av_
00129e48 00000004 D __malloc_sbrk_base
00129e4c 00000004 D __malloc_trim_threshold
00129e50 0000000c d __malloc_recursive_mutex
00129e5c 0000016c D __global_locale
00129fc8 00000004 d defaultDevice
00129fcc 00000040 D devoptab_list
0012a00c 00001000 d _current_working_directory
0012b00c 00000004 d __hndl_lock
0012b010 0000000c d __stderr_handle
0012b01c 0000000c d __stdin_handle
0012b028 0000000c d __stdout_handle
0012b034 00001000 d handles
0012c034 t __frame_dummy_init_array_entry
0012c034 T __init_array_start
0012c034 B __preinit_array_end
0012c034 B __preinit_array_start
0012c034 D __tdata_lma
0012c034 D __tdata_lma_end
0012c034 D __TMC_END__
0012c034 d __TMC_LIST__
0012c038 t __do_global_dtors_aux_fini_array_entry
0012c038 T __fini_array_start
0012c038 T __init_array_end
0012c03c T __bss_start__
0012c03c 00000004 b cpu_time_limit
0012c03c T __fini_array_end
0012c040 0000000d b status.13728
0012c050 00000014 b card.13734
0012c064 0000000d b status.13739
0012c074 00000005 b level.13744
0012c07c 00000012 b macAddress.14000
0012c090 00000014 b upperScreen.14011
0012c0a4 00000014 b lowerScreen.14012
0012c0b8 00000020 b screenType.14013
0012c0d8 0000000f b serial.14030
0012c0e8 00000100 b filename.14389
0012c1e8 00000004 b num
0012c1ec 0000000b b initialVer.14420
0012c1f8 00000021 b cid.14441
0012c21c 00000021 b cid.14446
0012c240 00000004 b acHandle
0012c244 00000004 b actRefCount
0012c248 00000004 b actHandle
0012c24c b saved_stack
0012c254 b completed.10347
0012c258 b object.10352
0012c270 00000001 V __ctru_speedup
0012c274 00000004 b srvHandle
0012c278 00000004 b srvRefCount
0012c27c 00000002 b currentBuffer
0012c27e 00000001 b enable3d
0012c280 00000004 b screenAlloc
0012c284 00000004 b screenFree
0012c288 00000004 b cfguHandle
0012c28c 00000004 b cfguRefCount
0012c290 00000004 b srvPmHandle
0012c294 00000004 b dspHandle
0012c298 00000004 b dspRefCount
0012c29c 00000004 b gspEvent
0012c2a0 0000001c b gspEventCb
0012c2bc 0000001c b gspEventCbData
0012c2d8 00000007 b gspEventCbOneShot
0012c2e0 0000001c b gspEventCounts
0012c2fc 00000004 b gspEventData
0012c300 00000004 b gspEventThread
0012c304 00000038 b gspEvents
0012c33c 00000004 b gspRefCount
0012c340 00000001 b gspRunEvents
0012c344 00000004 b mcuHwcHandle
0012c348 00000004 b mcuHwcRefCount
0012c34c 00000004 b acHandle
0012c350 00000004 b acRefCount
0012c354 00000004 b amHandle
0012c358 00000004 b amRefCount
0012c35c 00000001 b aptChainloadMediatype
0012c360 00000008 b aptChainloadTid
0012c368 00000004 b aptEventHandlerThread
0012c36c 0000000c b aptEvents
0012c378 0000000c b aptFirstHook
0012c384 00000001 b aptHomeButtonState
0012c388 00000004 b aptLockHandle
0012c38c 00000004 b aptMessageFunc
0012c390 00000004 b aptMessageFuncData
0012c394 00001000 b aptParameters
0012d394 00000004 b aptRefCount
0012d398 00000008 b aptSleepEvent
0012d3a0 00000001 b flagInit.8273
0012d3a1 00000001 b flagValue.8274
0012d3a4 00000004 b serviceName.7912
0012d3a8 00000004 b ptmuHandle
0012d3ac 00000004 b ptmuRefCount
0012d3b0 00000006 b aVec
0012d3b8 00000004 b cPos
0012d3bc 00000006 b gRate
0012d3c4 00000004 b hidRefCount
0012d3c8 00000004 b kDown
0012d3cc 00000004 b kHeld
0012d3d0 00000004 b kOld
0012d3d4 00000004 b kUp
0012d3d8 00000004 b tPos
0012d3dc 00000004 b ptmSysmHandle
0012d3e0 00000004 b ptmSysmRefCount
0012d3e4 00000004 b gspLcdRefCount
0012d3e8 00000080 b fsExemptArchives
0012d468 00000004 b fsuHandle
0012d46c 00000004 b fsuRefCount
0012d470 00000004 V __ctru_heap_size
0012d474 0000000c b sAddrMap
0012d480 00000008 b sVramPool
0012d488 00000008 b sMappablePool
0012d490 0000000c b sAddrMap
0012d49c 00000008 b sLinearPool
0012d4a4 0000000c b sAddrMap
0012d4b0 00000401 b __component
0012d8b4 00000802 b __utf16path
0012e0b8 00000004 b romfs_mount_list
0012e0bc 00000004 b arbiter
0012e0c0 00000004 b csPos
0012e0c4 00000004 b irrstRefCount
0012e0c8 00000004 b kHeld
0012e0cc 00000004 B SOCU_handle
0012e0d0 00000004 B socMemhandle
0012e0d8 00000008 b sdmcArchive
0012e0e0 00000001 b sdmcInitialised
0012e0e4 00000028 B __malloc_current_mallinfo
0012e10c 00000004 B __malloc_max_sbrked_mem
0012e110 00000004 B __malloc_max_total_mem
0012e114 00000004 B __malloc_top_pad
0012e118 00000004 b heap_start.7392
0012e11c 00000004 B fake_heap_end
0012e120 00000004 B fake_heap_start
0012e124 00001000 b temp_cwd
0012f124 00000048 B __syscalls
0012f170 00000008 B archive
0012f178 0000004c B currentCopy
0012f1c4 00000008 B gfxBottomFramebuffers
0012f1cc 00000004 B gspSharedMemHandle
0012f1d0 0000001c B bottomFramebufferInfo
0012f1ec 00000004 B gspEvent
0012f1f0 00000008 B gfxTopLeftFramebuffers
0012f1f8 00000008 B gfxTopRightFramebuffers
0012f200 0000001c B topFramebufferInfo
0012f21c 00000001 B gfxThreadID
0012f220 00000004 B gfxSharedMemory
0012f224 00000004 B gfxTopFramebufferMaxSize
0012f228 00000004 B gfxBottomFramebufferMaxSize
0012f22c 00000004 B gxCmdBuf
0012f230 00000004 B gspGpuHandle
0012f234 00000004 B hidMemHandle
0012f238 00000004 B hidHandle
0012f23c 00000004 B hidSharedMem
0012f240 00000014 B hidEvents
0012f254 00000004 B gspLcdHandle
0012f258 00000004 B __system_retAddr
0012f25c 00000004 B __ctru_linear_heap
0012f260 00000004 B __ctru_heap
0012f264 00000004 B __system_argv
0012f268 00000004 B __system_argc
0012f26c 00000004 B irrstHandle
0012f270 00000004 B irrstEvent
0012f274 00000004 B irrstMemHandle
0012f278 00000004 B irrstSharedMem
0012f27c B __tls_start
00130688 B __bss_end__
00130688 A __end__
00130688 B __tls_end
