         w __deregister_frame_info
         w _ITM_deregisterTMCloneTable
         w _ITM_registerTMCloneTable
         w __register_frame_info
00000000 00000401 b __fixedpath
00000000 b .LANCHOR1
00000000 a shift
00000000 a shift
00000000 b _TLS_MODULE_BASE_
00000404 b .LANCHOR3
00000404 00000802 b __utf16path
00000c08 b .LANCHOR5
00000c08 00000802 b __utf16path_old.8457
00100000 T _start
00100000 A __start__
00100008 T __service_ptr
0010000c T __apt_appid
00100010 T __heap_size
00100014 T __linear_heap_size
00100018 T __system_arglist
0010001c T __system_runflags
00100020 t startup
00100058 t ClearMem
0010006c t ClrLoop
00100094 T _init
001000ac T initSystem
001000f0 T __ctru_exit
00100110 T __aeabi_uidiv
00100110 000001ec T __udivsi3
00100110 t .udivsi3_skip_div0_test
001002fc 00000020 T __aeabi_uidivmod
0010031c T __aeabi_idiv
0010031c 00000220 T __divsi3
00100324 t .divsi3_skip_div0_test
0010053c 00000020 T __aeabi_idivmod
0010055c 00000004 W __aeabi_idiv0
0010055c 00000004 W __aeabi_ldiv0
00100560 T __aeabi_drsub
00100568 000002b0 T __aeabi_dsub
00100568 000002b0 T __subdf3
0010056c 000002ac T __adddf3
0010056c 000002ac T __aeabi_dadd
00100818 00000024 T __aeabi_ui2d
00100818 00000024 T __floatunsidf
0010083c 00000028 T __aeabi_i2d
0010083c 00000028 T __floatsidf
00100864 00000048 T __aeabi_f2d
00100864 00000048 T __extendsfdf2
001008ac 00000074 T __aeabi_ul2d
001008ac 00000074 T __floatundidf
001008c0 00000060 T __aeabi_l2d
001008c0 00000060 T __floatdidf
00100920 T __aeabi_uldivmod
0010095c 00000014 T setjmp
00100970 00000018 T longjmp
001009a8 00000390 T strcmp
00100d30 T __aeabi_ldivmod
00100e04 t deregister_tm_clones
00100e30 t register_tm_clones
00100e68 t __do_global_dtors_aux
00100eac t frame_dummy
00100ee0 00000030 T Draw_EndFrame
00100f10 00000074 T Draw_Text
00100f84 00000054 T Draw_Textf
00100fd8 00000050 T Draw_GetTextSize
00101028 0000002c T Draw_GetTextHeight
00101054 00000020 T Draw_Rect
00101074 00000074 T Draw_Image
001010e8 000000bc t Menu_DrawItem
001011a4 000001e4 t Menu_NNID
00101388 00000418 t Menu_WiFi
001017a0 00002a48 T Menu_Main
001041e8 00000054 T Config_GetUsername
0010423c 00000058 T Config_GetBirthday
00104294 00000054 T Config_GetEulaVersion
001042e8 0000003c T Config_GetSoundOutputMode
00104324 00000078 T Config_GetParentalPin
0010439c 00000050 T Config_GetParentalEmail
001043ec 0000004c T Config_GetParentalSecretAnswer
00104438 0000003c T Config_IsPowerSaveEnabled
00104474 0000003c T Config_IsAutoBrightnessEnabled
001044b0 000000a4 t Term_Services
00104554 00000184 T main
001046d8 0000005c T Hardware_GetAudioJackStatus
00104734 000000a0 T Hardware_GetCardSlotStatus
001047d4 0000005c T Hardware_DetectSD
00104830 0000008c T Hardware_GetBrightness
001048bc 0000006c T System_GetModel
00104928 0000006c T System_GetRegion
00104994 000000f8 T System_GetFirmRegion
00104a8c 00000074 T System_GetLang
00104b00 00000064 T System_GetMacAddress
00104b64 00000038 T System_GetRunningHW
00104b9c 00000180 T System_GetScreenType
00104d1c 00000038 T System_GetLocalFriendCodeSeed
00104d54 00000024 T System_GetSerialNumber
00104d78 00000034 T System_GetSoapId
00104dac 00000048 T Storage_GetFreeStorage
00104df4 00000048 T Storage_GetTotalStorage
00104e3c 00000058 T Storage_GetUsedStorage
00104e98 0000009c T Utils_GetSizeString
00104f34 0000002c T Utils_IsN3DS
00104f60 0000001c T Utils_U16_To_U8
00104f7c 00000070 T Utils_ExtractBetween
00104fec 000000a8 t generateScreenshotFileName.constprop.0
00105098 000002d4 T Screenshot_Capture
0010536c 0000002c T Misc_TitleCount
00105398 0000002c T Misc_TicketCount
001053c4 0000005c T WiFi_GetSecurityMode
00105420 000001b0 T Kernel_GetInitalVersion
001055d0 00000188 T Kernel_GetVersion
00105758 000000bc T Kernel_GetSDMCCID
00105814 000000bc T Kernel_GetNANDCID
001058d0 0000002c T Kernel_GetDeviceId
001058fc 0000004c T FS_OpenArchive
00105948 00000010 T FS_CloseArchive
00105958 00000048 T FS_MakeDir
001059a0 00000070 T FS_FileExists
00105a10 0000005c T FS_DirExists
00105a6c 00000014 T aciInit
00105a80 00000010 T aciExit
00105a90 00000034 T ACI_LoadWiFiSlot
00105ac4 00000040 T ACI_GetSSID
00105b04 00000040 T ACI_GetPassphrase
00105b44 0000003c T ACI_GetSecurityMode
00105b80 00000088 T actInit
00105c08 00000034 T actExit
00105c3c 00000050 T ACTU_GetAccountDataBlock
00105c8c 000002b0 T C2D_Init
00105f3c 000000fc T C2D_Prepare
00106038 00000100 T C2D_SceneSize
00106138 00000044 T C2D_CreateScreenTarget
0010617c 00000140 T C2Di_CalcQuad
001062bc 00000048 T C2Di_AppendVtx
00106304 00000030 T C2Di_FlushVtxBuf
00106334 00000020 t C2Di_FrameEndHook
00106354 00000018 T C2D_Flush
0010636c 00000030 T C2D_TargetClear
0010639c 00000158 T C2Di_Update
001064f4 000002d8 T C2D_DrawImage
001067cc 000001b0 T C2D_DrawRectangle
0010697c 00000018 t C2Di_GlyphComp
00106994 00000154 T C2D_TextBufNew
00106ae8 00000004 T C2D_TextBufDelete
00106aec 0000000c T C2D_TextBufClear
00106af8 0000017c T C2D_TextParseLine
00106c74 00000080 T C2D_TextParse
00106cf4 0000002c T C2D_TextOptimize
00106d20 00000068 T C2D_TextGetDimensions
00106d88 00000204 T C2D_DrawText
00106f8c 0000006c T C2D_SpriteSheetLoadFromHandle
00106ff8 00000034 T C2D_SpriteSheetLoad
0010702c 00000028 T C2D_SpriteSheetFree
00107054 00000028 T C2D_SpriteSheetGetImage
0010707c 000000c4 t C3Di_SplitFrame.part.1
00107140 00000004 W C3Di_LightEnvUpdate
00107144 00000004 W C3Di_LightEnvDirty
00107148 0000008c t C3Di_AptEventHook
001071d4 0000021c T C3D_Init
001073f0 00000098 T C3D_SetViewport
00107488 000004b4 T C3Di_UpdateContext
0010793c 00000020 T C3Di_SplitFrame
0010795c 00000114 T C3D_BindProgram
00107a70 00000054 t C3Di_RenderQueueInit
00107ac4 000000cc t onVBlank1
00107b90 0000019c t onVBlank0
00107d2c 0000000c t C3Di_RenderTargetNew
00107d38 0000007c t C3Di_WaitAndClearQueue
00107db4 000000c0 t onQueueFinish
00107e74 00000044 t C3D_FrameSplit.part.6
00107eb8 00000030 T C3D_FrameSync
00107ee8 00000020 T C3Di_RenderQueueWaitDone
00107f08 0000007c T C3D_FrameBegin
00107f84 00000048 T C3D_FrameDrawOn
00107fcc 00000018 T C3D_FrameSplit
00107fe4 000001b0 T C3D_FrameEnd
00108194 0000001c T C3D_FrameEndHook
001081b0 0000017c T C3D_RenderTargetCreate
0010832c 0000004c T C3D_RenderTargetSetOutput
00108378 000000b4 T C3D_SyncTextureCopy
0010842c 00000284 T C3D_TexInitWithParams
001086b0 000000dc T C3D_TexLoadImage
0010878c 00000048 T C3D_TexBind
001087d4 0000007c T C3D_TexDelete
00108850 00000174 T C3Di_SetTex
001089c4 000003e8 t Tex3DSi_ImportCommon
00108dac 00000034 T Tex3DS_TextureImportStdio
00108de0 0000001c T Tex3DS_GetSubTexture
00108dfc 00000004 T Tex3DS_TextureFree
00108e00 0000001c T C3D_CalcColorBufSize
00108e1c 0000001c T C3D_CalcDepthBufSize
00108e38 00000044 T C3D_SetFrameBuf
00108e7c 00000168 T C3Di_FrameBufBind
00108fe4 000000c8 T C3D_FrameBufClear
001090ac 00000048 T C3D_FrameBufTransfer
001090f4 00000034 T C3D_GetTexEnv
00109128 00000024 T C3Di_TexEnvBind
0010914c 0000006c T C3D_ProcTexInit
001091b8 00000050 T C3D_ProcTexBind
00109208 00000060 T C3D_ProcTexLutBind
00109268 000000a4 T ProcTexLut_FromArray
0010930c 00000174 T C3Di_ProcTexUpdate
00109480 00000068 T C3Di_ProcTexDirty
001094e8 000002b8 T C3D_UpdateUniforms
001097a0 000000c0 T C3Di_DirtyUniforms
00109860 000000e0 T C3Di_LoadShaderUniforms
00109940 00000028 T C3Di_ClearShaderUniforms
00109968 00000024 T BufInfo_Init
0010998c 00000084 T BufInfo_Add
00109a10 00000040 T C3D_SetBufInfo
00109a50 00000048 T C3Di_BufInfoBind
00109a98 00000148 T C3D_DrawArrays
00109be0 00000040 T C3D_DepthMap
00109c20 0000001c T C3D_CullFace
00109c3c 00000040 T C3D_StencilTest
00109c7c 00000024 T C3D_StencilOp
00109ca0 0000001c T C3D_BlendingColor
00109cbc 00000024 T C3D_EarlyDepthTest
00109ce0 0000002c T C3D_DepthTest
00109d0c 0000002c T C3D_AlphaTest
00109d38 00000050 T C3D_AlphaBlend
00109d88 00000030 T C3D_FragOpMode
00109db8 00000044 T C3D_FragOpShadow
00109dfc 00000174 T C3Di_EffectBind
00109f70 00000028 T AttrInfo_Init
00109f98 000000a0 T AttrInfo_AddLoader
0010a038 00000054 T C3D_SetAttrInfo
0010a08c 00000080 T C3Di_AttrInfoBind
0010a10c 000000a4 T C3D_ImmSendAttrib
0010a1b0 000000cc T Mtx_Ortho
0010a27c 000000cc T Mtx_OrthoTilt
0010a348 00000024 t addrMapNodeComparator(rbtree_node const*, rbtree_node const*)
0010a36c 00000004 t addrMapNodeDestructor(rbtree_node*)
0010a370 00000110 T vramMemAlign
0010a480 00000008 T vramAlloc
0010a488 00000050 T vramFree
0010a4d8 00000024 t addrMapNodeComparator(rbtree_node const*, rbtree_node const*)
0010a4fc 00000004 t addrMapNodeDestructor(rbtree_node*)
0010a500 0000011c T linearMemAlign
0010a61c 00000008 T linearAlloc
0010a624 00000050 T linearFree
0010a674 00000090 T MemPool::CoalesceRight(MemBlock*)
0010a704 00000174 T MemPool::Allocate(MemChunk&, unsigned long, int)
0010a878 000000fc T MemPool::Deallocate(MemChunk const&)
0010a974 00000008 t romfs_close
0010a97c 000000bc t romfs_seek
0010aa38 00000028 t romfs_dirreset
0010aa60 00000078 t romfs_fstat
0010aad8 00000054 t _romfs_read_chk
0010ab2c 000000dc t romfs_read
0010ac08 00000084 t romfs_free
0010ac8c 0000016c t romfsMountCommon
0010adf8 00000250 t romfs_dirnext
0010b048 000000bc t romfsInitMtime.isra.4
0010b104 000000b4 t searchForFile.constprop.7
0010b1b8 000000b8 t searchForDir.constprop.8
0010b270 000001b4 t navigateToDir.constprop.6
0010b424 00000120 t romfs_open
0010b544 00000208 t romfs_stat
0010b74c 00000054 t romfs_chdir
0010b7a0 00000078 t romfs_diropen
0010b818 00000008 t romfs_dirclose
0010b820 00000340 T romfsMount
0010bb60 00000068 T romfsMountFromFile
0010bbc8 00000078 T romfsUnmount
0010bc40 00000058 t getSysTime
0010bc98 00000028 t __ctru_speedup_config.part.0
0010bcc0 0000004c T osConvertVirtToPhys
0010bd0c 00000024 T osGetMemRegionUsed
0010bd30 00000128 T __libctru_gtod
0010be58 00000018 T __ctru_speedup_config
0010be70 00000024 T osSetSpeedupEnable
0010be94 000000bc T fontEnsureMapped
0010bf50 000000dc T fontGlyphIndexFromCodePoint
0010c02c 000001d8 T fontCalcGlyphPos
0010c204 000000dc t __read_versionbin.constprop.0
0010c2e0 00000114 T osGetSystemVersionData
0010c3f4 00000058 T srvExit
0010c44c 00000038 T srvRegisterClient
0010c484 000000c8 T srvInit
0010c54c 00000080 T srvGetServiceHandleDirect
0010c5cc 00000038 T srvGetServiceHandle
0010c604 0000008c t gfxSetFramebufferInfo.part.0
0010c690 0000006c t gfxSetFramebufferInfo
0010c6fc 00000058 t gfxGetFramebuffer.part.1
0010c754 00000010 T gfxIs3D
0010c764 00000018 T __get_bytes_per_pixel
0010c77c 00000184 T gfxSetScreenFormat
0010c900 00000210 T gfxInit
0010cb10 00000010 T gfxInitDefault
0010cb20 00000060 T gfxGetFramebuffer
0010cb80 000000f8 T gfxConfigScreen
0010cc78 000001ec T shaderInstanceInit
0010ce64 00000034 T shaderInstanceFree
0010ce98 00000018 T shaderInstanceGetUniformLocation
0010ceb0 00000018 T shaderProgramInit
0010cec8 0000006c T shaderProgramSetVsh
0010cf34 000008d4 T shaderProgramConfigure
0010d808 000001f8 t DVLE_GenerateOutmap.part.0
0010da00 000001cc T DVLB_ParseFile
0010dbcc 00000078 T DVLE_GetUniformRegister
0010dc44 00000038 t submitGxCommand
0010dc7c 00000010 T GX_BindQueue
0010dc8c 00000050 T GX_ProcessCommandList
0010dcdc 00000054 T GX_MemoryFill
0010dd30 00000048 T GX_DisplayTransfer
0010dd78 0000004c T GX_TextureCopy
0010ddc4 00000074 t gxCmdQueueDoCommands.part.0
0010de38 000000c8 T gxCmdQueueInterrupt
0010df00 0000004c T gxCmdQueueClear
0010df4c 000000f8 T gxCmdQueueAdd
0010e044 00000080 T gxCmdQueueRun
0010e0c4 00000060 T gxCmdQueueStop
0010e124 00000084 T gxCmdQueueWait
0010e1a8 00000130 T GPUCMD_Add
0010e2d8 000000b0 T GPUCMD_Split
0010e388 00000034 T f32tof16
0010e3bc 00000034 T f32tof24
0010e3f0 00000038 T f32tof31
0010e428 000000a4 T cfguInit
0010e4cc 0000003c T cfguExit
0010e508 00000038 T CFGU_SecureInfoGetRegion
0010e540 00000038 T CFGU_GetSystemModel
0010e578 00000044 T CFGU_GetConfigInfoBlk2
0010e5bc 00000044 T CFG_GetConfigInfoBlk8
0010e600 00000014 T CFGU_GetSystemLanguage
0010e614 00000044 T CFGI_SecureInfoGetSerialNumber
0010e658 0000003c T CFGI_GetLocalFriendCodeSeed
0010e694 0000000c T srvPmGetSessionHandle
0010e6a0 0000003c T dspExit
0010e6dc 0000002c T DSP_UnloadComponent
0010e708 00000080 T dspInit
0010e788 00000074 T gspInit
0010e7fc 0000003c T gspExit
0010e838 00000034 T gspSetEventCallback
0010e86c 000000a0 T gspInitEventHandler
0010e90c 00000044 T gspWaitForEvent
0010e950 00000064 T gspWaitForAnyEvent
0010e9b4 00000178 t gspEventThreadMain
0010eb2c 00000120 T gspSubmitGxCommand
0010ec4c 00000068 T GSPGPU_ReadHWRegs
0010ecb4 0000006c T GSPGPU_SetBufferSwap
0010ed20 0000004c T GSPGPU_FlushDataCache
0010ed6c 00000034 T GSPGPU_SetLcdForceBlack
0010eda0 00000064 T GSPGPU_RegisterInterruptRelayQueue
0010ee04 00000048 T GSPGPU_AcquireRight
0010ee4c 0000002c T GSPGPU_ReleaseRight
0010ee78 00000080 T GSPGPU_ImportDisplayCaptureInfo
0010eef8 0000002c T GSPGPU_SaveVramSysArea
0010ef24 0000002c T GSPGPU_RestoreVramSysArea
0010ef50 00000074 T mcuHwcInit
0010efc4 0000003c T mcuHwcExit
0010f000 00000038 T MCUHWC_GetBatteryVoltage
0010f038 00000038 T MCUHWC_GetBatteryLevel
0010f070 00000038 T MCUHWC_GetFwVerHigh
0010f0a8 00000038 T MCUHWC_GetFwVerLow
0010f0e0 0000003c T acExit
0010f11c 000000a4 T amInit
0010f1c0 0000008c T amAppInit
0010f24c 0000003c T amExit
0010f288 00000048 T AM_GetTitleCount
0010f2d0 00000040 T AM_GetTicketCount
0010f310 00000040 T AM_GetDeviceId
0010f350 00000004 W _aptDebug
0010f354 00000170 T aptSendCommand
0010f4c4 0000003c t aptExitProcess
0010f500 00000034 T aptHook
0010f534 00000098 T APT_GetAppletInfo
0010f5cc 0000004c T APT_InquireNotification
0010f618 00000198 t aptEventHandler
0010f7b0 00000074 T APT_AppletUtility
0010f824 000000b0 T aptSetSleepAllowed
0010f8d4 000000b0 T APT_GlanceParameter
0010f984 000000c4 T APT_ReceiveParameter
0010fa48 000000bc t aptReceiveParameter.constprop.0
0010fb08 000001e0 t aptScreenTransfer
0010fce8 00000210 t aptWaitForWakeUp
0010fef8 00000070 T APT_CancelParameter
0010ff68 0000025c T aptInit
001101c4 00000088 t aptClearParamQueue
0011024c 00000208 T aptMainLoop
00110458 0000023c T aptExit
00110694 00000030 T APT_SetAppCpuTimeLimit
001106c4 0000003c T APT_GetAppCpuTimeLimit
00110700 0000007c T APT_CheckNew3DS
0011077c 00000048 T APT_GetSharedFont
001107c4 00000074 T ptmuInit
00110838 0000003c T ptmuExit
00110874 00000038 T PTMU_GetBatteryChargeState
001108ac 00000044 T PTMU_GetAdapterState
001108f0 00000028 t hidCheckSectionUpdateTime.part.0
00110918 000000d0 T hidExit
001109e8 00000210 T hidScanInput
00110bf8 00000010 T hidKeysHeld
00110c08 00000010 T hidKeysDown
00110c18 00000018 T hidTouchRead
00110c30 00000090 T HIDUSER_GetHandles
00110cc0 000001a4 T hidInit
00110e64 00000038 T HIDUSER_GetSoundVolume
00110e9c 00000074 T ptmSysmInit
00110f10 0000003c T ptmSysmExit
00110f4c 00000034 T PTMSYSM_ConfigureNew3DSCPU
00110f80 00000074 T gspLcdInit
00110ff4 0000003c T gspLcdExit
00111030 00000040 T GSPLCD_GetVendors
00111070 00000028 t fsSessionForArchive.part.0
00111098 000000c4 T fsInit
0011115c 0000003c T fsExit
00111198 00000064 T fsExemptFromSession
001111fc 00000054 T fsUnexemptFromSession
00111250 00000088 T fsMakePath
001112d8 000000bc T FSUSER_OpenFile
00111394 000000d4 T FSUSER_OpenFileDirectly
00111468 000000a4 T FSUSER_DeleteFile
0011150c 000000dc T FSUSER_RenameFile
001115e8 000000a4 T FSUSER_DeleteDirectory
0011168c 000000bc T FSUSER_CreateFile
00111748 000000ac T FSUSER_CreateDirectory
001117f4 000000dc T FSUSER_RenameDirectory
001118d0 000000a0 T FSUSER_OpenDirectory
00111970 00000098 T FSUSER_OpenArchive
00111a08 00000098 T FSUSER_ControlArchive
00111aa0 00000070 T FSUSER_CloseArchive
00111b10 00000058 T FSUSER_GetCardType
00111b68 00000078 T FSUSER_GetSdmcArchiveResource
00111be0 00000064 T FSUSER_IsSdmcDetected
00111c44 00000064 T FSUSER_IsSdmcWritable
00111ca8 00000058 T FSUSER_GetSdmcCid
00111d00 00000058 T FSUSER_GetNandCid
00111d58 00000064 T FSUSER_CardSlotIsInserted
00111dbc 0000007c T FSUSER_GetArchiveResource
00111e38 00000058 T FSFILE_Read
00111e90 00000064 T FSFILE_Write
00111ef4 00000038 T FSFILE_GetSize
00111f2c 00000028 T FSFILE_SetSize
00111f54 0000003c T FSFILE_Close
00111f90 00000024 T FSFILE_Flush
00111fb4 00000054 T FSDIR_Read
00112008 0000003c T FSDIR_Close
00112044 00000050 T gethostid
00112094 00000010 t soc_open
001120a4 00000030 t soc_read
001120d4 00000030 t soc_write
00112104 00000090 t soc_close
00112194 0000014c T socInit
001122e0 00000088 T socExit
00112368 0000013c T socuipc_cmd7
001124a4 00000154 T socuipc_cmd8
001125f8 00000010 T soc_recvfrom
00112608 0000015c T socuipc_cmd9
00112764 00000160 T socuipc_cmda
001128c4 00000010 T soc_sendto
001128d4 00000128 t iov_memmove
001129fc 000000d8 t buffer_read
00112ad4 000000dc t iov_read
00112bb0 00000268 t decompress_lzss
00112e18 000002c4 t decompress_huff.isra.1.part.2
001130dc 000001d4 t decompress_rle
001132b0 00000444 t decompress_lz11
001136f4 00000014 T decompressCallback_Stdio
00113708 000000e8 T decompressHeader
001137f0 00000268 T decompressV
00113a58 00000014 T rbtree_init
00113a6c 0000018c t do_insert
00113bf8 00000008 T rbtree_insert
00113c00 00000090 T rbtree_rotate
00113c90 00000330 T rbtree_remove
00113fc0 00000074 T rbtree_find
00114034 000000e8 T utf16_to_utf8
0011411c 00000060 T decode_utf16
0011417c 00000138 T decode_utf8
001142b4 000000c0 T utf8_to_utf16
00114374 00000038 W __libctru_init
001143ac 00000038 t __libctru_nanosleep
001143e4 00000030 t __ctru_get_reent
00114414 000000fc T __system_initSyscalls
00114510 00000104 W __system_allocateHeaps
00114614 000000f0 T __system_initArgv
00114704 T svcControlMemory
00114724 T svcExitProcess
0011472c T svcCreateThread
0011474c T svcExitThread
00114754 T svcSleepThread
0011475c T svcReleaseMutex
00114764 T svcCreateEvent
00114778 T svcSignalEvent
00114780 T svcClearEvent
00114788 T svcCreateMemoryBlock
001147a0 T svcMapMemoryBlock
001147a8 T svcUnmapMemoryBlock
001147b0 T svcCreateAddressArbiter
001147c4 T svcArbitrateAddress
001147dc T svcCloseHandle
001147e4 T svcWaitSynchronization
001147ec T svcWaitSynchronizationN
00114814 T svcDuplicateHandle
00114828 T svcGetSystemTick
00114830 T svcGetSystemInfo
00114848 T svcConnectToPort
0011485c T svcSendSyncRequest
00114864 T svcBreak
0011486c 00000024 t addrMapNodeComparator(rbtree_node const*, rbtree_node const*)
00114890 00000004 t addrMapNodeDestructor(rbtree_node*)
00114894 000000e4 T mappableAlloc
00114978 00000050 T mappableFree
001149c8 00000038 t LightLock_Unlock.part.1
00114a00 0000000c T __sync_init
00114a0c 00000018 T __sync_fini
00114a24 00000010 T __sync_get_arbiter
00114a34 00000018 T LightLock_Init
00114a4c 0000009c T LightLock_Lock
00114ae8 00000034 T LightLock_TryLock
00114b1c 00000020 T LightLock_Unlock
00114b3c 00000024 T RecursiveLock_Init
00114b60 00000030 T RecursiveLock_Lock
00114b90 00000058 T RecursiveLock_TryLock
00114be8 00000038 T RecursiveLock_Unlock
00114c20 00000038 T LightEvent_Init
00114c58 0000007c T LightEvent_Clear
00114cd4 000000dc T LightEvent_Signal
00114db0 000000c0 T LightEvent_Wait
00114e70 00000080 T envGetHandle
00114ef0 0000004c T envDestroyHandles
00114f3c 0000001c t threadFree.part.0
00114f58 00000194 T threadCreate
001150ec 00000024 T threadJoin
00115110 00000068 T threadExit
00115178 00000048 t _thread_begin
001151c0 000000ac T irrstScanInput
0011526c 00000024 T irrstKeysHeld
00115290 00000050 T IRRST_GetHandles
001152e0 00000154 T irrstInit
00115434 0000002c T IRRST_Shutdown
00115460 000000ac T irrstExit
0011550c 0000003c T _net_convert_error
00115548 00000078 T rbtree_node_next
001155c0 00000068 T encode_utf16
00115628 00000104 T encode_utf8
0011572c 0000001c W __appInit
00115748 0000001c W __appExit
00115764 000000a0 W __libctru_exit
00115804 00000010 t sdmc_link
00115814 00000010 t sdmc_dirreset
00115824 00000010 t sdmc_chmod
00115834 00000024 t error_cmp
00115858 00000050 t sdmc_translate_error
001158a8 00000034 t sdmc_fsync
001158dc 00000054 t sdmc_ftruncate
00115930 000000b8 t sdmc_statvfs
001159e8 00000038 t sdmc_dirclose
00115a20 0000012c t sdmc_dirnext
00115b4c 00000034 t sdmc_close
00115b80 00000074 t sdmc_fstat
00115bf4 000000d8 t sdmc_seek
00115ccc 00000084 t sdmc_read
00115d50 000000c0 t sdmc_write
00115e10 000001b0 t sdmc_utf16path
00115fc0 00000074 t sdmc_rmdir
00116034 000000a4 t sdmc_diropen
001160d8 000000b0 t sdmc_chdir
00116188 00000094 t sdmc_mkdir
0011621c 00000108 t sdmc_rename
00116324 00000074 t sdmc_unlink
00116398 00000108 t sdmc_stat
001164a0 00000198 t sdmc_open
00116638 00000010 t sdmc_fchmod
00116648 00000168 T sdmcInit
001167b0 00000060 T sdmcExit
00116810 T __aeabi_read_tp
0011681c 000000b4 T ceilf
001168d0 000000c0 T cosf
00116990 000000c8 T sinf
00116a58 000002e0 T __ieee754_rem_pio2f
00116d38 00000124 T __kernel_cosf
00116e5c 00000868 T __kernel_rem_pio2f
001176c4 000000a0 T __kernel_sinf
00117764 00000010 T fabsf
00117774 000000b4 T floorf
00117828 00000124 T scalbnf
0011794c 0000001c T copysignf
00117968 0000002c T __aeabi_d2lz
00117968 0000002c T __fixdfdi
00117998 00000040 T __aeabi_d2ulz
00117998 00000040 T __fixunsdfdi
001179d8 00000128 T __udivmoddi4
00117b00 0000007c T bsearch
00117b7c 00000020 T calloc
00117b9c 00000094 T _calloc_r
00117c30 0000000c T __errno
00117c3c 00000160 T _fclose_r
00117d9c 00000018 T fclose
00117db4 00000270 T __sflush_r
00118024 00000094 T _fflush_r
001180b8 00000038 T fflush
001180f0 00000078 t std
00118168 0000000c T _cleanup_r
00118174 00000048 T __sfmoreglue
001181bc 0000008c T __sinit
00118248 00000110 T __sfp
00118358 0000000c T __sfp_lock_acquire
00118364 0000000c T __sfp_lock_release
00118370 00000040 T __libc_fini_array
001183b0 0000013c T _fopen_r
001184ec 00000020 T fopen
0011850c 00000308 T _fread_r
00118814 00000038 T fread
0011884c 000000f8 T _malloc_trim_r
00118944 000002e4 T _free_r
00118c28 0000001c T _fseek_r
00118c44 000005d0 T _fseeko_r
00119214 00000078 T _fwalk
0011928c 00000080 T _fwalk_reent
0011930c 0000001c T gmtime
00119328 0000027c T gmtime_r
001195a4 0000007c T __libc_init_array
00119620 00000094 T __swhatbuf_r
001196b4 000000f4 T __smakebuf_r
001197a8 00000020 T memalign
001197c8 0000014c T _memalign_r
00119914 00000018 T malloc
0011992c 00000018 T free
00119944 0000078c T _malloc_r
0011a0d0 000000fc T memcmp
0011a1cc 00000118 T memcpy
0011a2e4 00000114 T memset
0011a3f8 0000000c T __malloc_lock
0011a404 0000000c T __malloc_unlock
0011a410 000008ac T qsort
0011acbc 0000001c t lflush
0011acd8 000001ac T __srefill_r
0011ae84 000000d4 T snprintf
0011af58 00000064 T sprintf
0011afbc 0000003c T __sread
0011aff8 00000068 T __swrite
0011b060 00000048 T __sseek
0011b0a8 00000008 T __sclose
0011b0b0 00000070 T stpcpy
0011b120 00000070 T strcat
0011b190 00000180 T strchr
0011b310 000000f0 T strcpy
0011b400 0000005c T strlen
0011b45c 00000098 T strncat
0011b4f4 0000010c T strncmp
0011b600 000000e0 T strncpy
0011b6e0 0000005c T strnlen
0011b73c 00000110 t critical_factorization
0011b84c 000003a0 t two_way_long_needle
0011bbec 00000370 T strstr
0011bf5c 00000630 t get_arg
0011c590 00003640 T _svfprintf_r
0011fbd0 0000003c T time
0011fc0c 000000a4 T _vsnprintf_r
0011fcb0 00000038 T vsnprintf
0011fce8 000000a0 T _wcrtomb_r
0011fd88 00000020 T _wcsrtombs_r
0011fda8 00000040 T wcstombs
0011fde8 00000144 T _wcstombs_r
0011ff2c 000001c8 t quorem
001200f8 000012e4 T _dtoa_r
001213dc 000000b4 T __sflags
00121490 00000024 T _localeconv_r
001214b4 00000024 T __locale_mb_cur_max
001214d8 00000024 T __locale_ctype_ptr
001214fc 000002fc T __utf8_mbtowc
001217f8 00000100 T memchr
001218f8 00000088 T _Balloc
00121980 0000001c T _Bfree
0012199c 000000e0 T __multadd
00121a7c 00000058 T __hi0bits
00121ad4 0000009c T __lo0bits
00121b70 00000020 T __i2b
00121b90 000001c4 T __multiply
00121d54 00000100 T __pow5mult
00121e54 000000f4 T __lshift
00121f48 0000005c T __mcmp
00121fa4 00000168 T __mdiff
0012210c 00000100 T __d2b
00122210 000000a8 T frexp
001222b8 00000188 T __ssprint_r
00122440 00000184 T _wcsnrtombs_l
001225c4 00000064 T _wcsnrtombs_r
00122628 000000e8 T __utf8_wctomb
00122710 00000154 T memmove
00122864 000004bc T _realloc_r
00122d20 00000008 t null_write
00122d28 00000018 T setDefaultDevice
00122d40 000000cc T FindDevice
00122e0c 00000028 T RemoveDevice
00122e34 00000098 T AddDevice
00122ecc 00000084 T _close_r
00122f50 00000074 T _fstat_r
00122fc4 0000002c T _gettimeofday_r
00122ff0 00000008 T _isatty_r
00122ff8 00000084 T _lseek_r
0012307c 000000c4 T _open_r
00123140 00000080 T _read_r
001231c0 00000070 T _sbrk_r
00123230 00000080 T _write_r
001232b0 000001cc T _concatenate_path
0012347c 0000015c T chdir
001235d8 00000008 T __flockfile
001235e0 00000008 T __funlockfile
001235e8 00000018 T __libc_lock_acquire
00123600 00000018 T __libc_lock_release
00123618 00000018 T __libc_lock_init_recursive
00123630 00000018 T __libc_lock_acquire_recursive
00123648 00000018 T __libc_lock_release_recursive
00123660 00000018 T __libc_lock_close_recursive
00123678 0000008c T __release_handle
00123704 000000b4 T __alloc_handle
001237b8 00000018 T __get_handle
001237d0 00000028 T __getreent
001237f8 00000044 T strrchr
0012383c T _fini
00124000 0000000c r mode.14381
0012408c 00000024 r units.14338
001240d4 R render2d_shbin
00124258 R render2d_shbin_end
00124258 R render2d_shbin_size
00124c34 00000038 r CSWTCH.11
00124c6c 00000005 r colorFmtSizes
00124c74 00000004 r depthFmtSizes
00124c78 00000010 r CSWTCH.7
00124cbc 0000001c r __CVer_tidlow_regionarray
00124cd8 0000001c r __NVer_tidlow_regionarray
00124d14 00000014 r CSWTCH.56
00124d28 00000008 r framebufferInfoSt
00124e00 0000004d r _net_error_code_map
00124e50 00000030 r error_table
00124e90 00000080 r npio2_hw
00124f10 00000318 r two_over_pi
00125228 0000002c r PIo2
00125254 0000000c r init_jk
00125260 00000004 R _global_impure_ptr
001252a0 00000010 r blanks.8705
001252b0 00000010 r zeroes.8706
001252d0 r .LC2
00125318 00000028 R __mprec_bigtens
00125340 000000c8 R __mprec_tens
00125408 0000000c r p05.7473
00125414 0000006c R __action_table
00125480 00000100 R __chclass
00125580 0000006c R __state_table
001255ec 00000101 R _ctype_
001256f8 00000070 R dotab_stdnull
00125768 00000003 R DIRECTORY_PARENT
0012576c r 
0012576c R __exidx_end
0012576c R __exidx_start
00126000 W __stacksize__
00126004 00000004 d framerate
00126008 00000008 d framerateCounter
00126010 00000070 d romFS_devoptab
00126080 00000001 d botFormat
00126084 00000008 d doubleBuf
0012608c 00000001 d topFormat
00126090 00000004 d queueLock
00126094 00000004 d gspLastEvent
00126098 00000004 d aptFlags
0012609c 00000070 d soc_devoptab
0012610c 00000004 V __ctru_linear_heap_size
00126110 00000401 d __cwd
00126514 00000070 d sdmc_devoptab
00126584 0000000c d __sfp_recursive_mutex
00126590 0000000c d __sinit_recursive_mutex
0012659c 00000004 D _impure_ptr
001265a0 00000460 d impure_data
00126a00 00000408 D __malloc_av_
00126e08 00000004 D __malloc_sbrk_base
00126e0c 00000004 D __malloc_trim_threshold
00126e10 0000000c d __malloc_recursive_mutex
00126e1c 0000016c D __global_locale
00126f88 00000004 d defaultDevice
00126f8c 00000040 D devoptab_list
00126fcc 00001000 d _current_working_directory
00127fcc 00000004 d __hndl_lock
00127fd0 0000000c d __stderr_handle
00127fdc 0000000c d __stdin_handle
00127fe8 0000000c d __stdout_handle
00127ff4 00001000 d handles
00128ff4 t __frame_dummy_init_array_entry
00128ff4 T __init_array_start
00128ff4 B __preinit_array_end
00128ff4 B __preinit_array_start
00128ff4 D __tdata_lma
00128ff4 D __tdata_lma_end
00128ff4 D __TMC_END__
00128ff4 d __TMC_LIST__
00128ff8 t __do_global_dtors_aux_fini_array_entry
00128ff8 T __fini_array_start
00128ff8 T __init_array_end
00128ffc T __bss_start__
00128ffc 00000001 b displayInfo
00128ffc T __fini_array_end
00129000 00000064 b kernerlVersion
00129064 00000064 b firmVersion
001290c8 0000000b b initialVersion
001290d4 00000064 b systemVersion
00129138 00000004 b sd_titles
0012913c 00000004 b nand_titles
00129140 00000004 b tickets
00129144 0000004c b userName.14361
00129190 0000000a b date.14370
0012919c 00000006 b version.14376
001291a4 00000005 b parentalPin.14386
001291ac 00000200 b email.14391
001293ac 00000021 b out.14396
001293d0 00000004 b spritesheet
001293d4 00000004 b cpu_time_limit
001293d8 0000000d b status.13728
001293e8 00000014 b card.13734
001293fc 0000000d b status.13739
0012940c 00000005 b level.13744
00129414 00000012 b macAddress.14000
00129428 00000014 b upperScreen.14011
0012943c 00000014 b lowerScreen.14012
00129450 00000020 b screenType.14013
00129470 0000000f b serial.14030
00129480 00000100 b filename.14389
00129580 00000004 b num
00129584 0000000b b initialVer.14420
00129590 00000021 b cid.14441
001295b4 00000021 b cid.14446
001295d8 00000004 b acHandle
001295dc 00000004 b actRefCount
001295e0 00000004 b actHandle
001295e4 b saved_stack
001295ec b completed.10347
001295f0 b object.10352
00129608 00000040 b s_projBot
00129648 00000040 b s_projTop
00129688 00000004 b uLoc_mdlvMtx
0012968c 00000004 b uLoc_projMtx
00129690 00000004 b s_glyphSheets
00129694 00000004 b s_textScale
00129698 0000000c b hookCookie
001296a8 00000010 b cpuTime
001296b8 00000004 b firstTarget
001296bc 00000008 b frameCounter
001296c4 00000004 b frameEndCb
001296c8 00000004 b frameEndCbData
001296cc 00000001 b frameStage
001296d0 00000010 b gpuTime
001296e0 00000001 b inFrame
001296e1 00000001 b inSafeTransfer
001296e2 00000001 b initialized
001296e4 00000004 b lastTarget
001296e8 0000000c b linkedTarget
001296f4 00000001 b measureGpuTime
001296f8 000000c0 b C3Di_FVUnifEverDirty
001297b8 00000008 b C3Di_IVUnifEverDirty
001297c0 00000018 b C3Di_ShaderFVecData
001297d8 0000000c b sAddrMap
001297e4 00000008 b sVramPool
001297ec 00000008 b sLinearPool
001297f4 0000000c b sAddrMap
00129800 00000401 b __component
00129c04 00000004 V __romfs_path
00129c08 00000802 b __utf16path
0012a40c 00000004 b romfs_mount_list
0012a410 00000001 V __ctru_speedup
0012a414 00000004 b charPerSheet
0012a418 00000004 b sharedFontAddr
0012a41c 00000004 b srvHandle
0012a420 00000004 b srvRefCount
0012a424 00000002 b currentBuffer
0012a426 00000001 b enable3d
0012a428 00000004 b screenAlloc
0012a42c 00000004 b screenFree
0012a430 00000004 b boundQueue
0012a434 00000004 b curQueue
0012a438 00000001 b isActive
0012a439 00000001 b isRunning
0012a43a 00000001 b shouldStop
0012a43c 00000004 b cfguHandle
0012a440 00000004 b cfguRefCount
0012a444 00000004 b srvPmHandle
0012a448 00000004 b dspHandle
0012a44c 00000004 b dspRefCount
0012a450 00000004 b gspEvent
0012a454 0000001c b gspEventCb
0012a470 0000001c b gspEventCbData
0012a48c 00000007 b gspEventCbOneShot
0012a494 0000001c b gspEventCounts
0012a4b0 00000004 b gspEventData
0012a4b4 00000004 b gspEventThread
0012a4b8 00000038 b gspEvents
0012a4f0 00000004 b gspRefCount
0012a4f4 00000001 b gspRunEvents
0012a4f8 00000004 b mcuHwcHandle
0012a4fc 00000004 b mcuHwcRefCount
0012a500 00000004 b acHandle
0012a504 00000004 b acRefCount
0012a508 00000004 b amHandle
0012a50c 00000004 b amRefCount
0012a510 00000001 b aptChainloadMediatype
0012a518 00000008 b aptChainloadTid
0012a520 00000004 b aptEventHandlerThread
0012a524 0000000c b aptEvents
0012a530 0000000c b aptFirstHook
0012a53c 00000001 b aptHomeButtonState
0012a540 00000004 b aptLockHandle
0012a544 00000004 b aptMessageFunc
0012a548 00000004 b aptMessageFuncData
0012a54c 00001000 b aptParameters
0012b54c 00000004 b aptRefCount
0012b550 00000008 b aptSleepEvent
0012b558 00000001 b flagInit.8273
0012b559 00000001 b flagValue.8274
0012b55c 00000004 b serviceName.7912
0012b560 00000004 b ptmuHandle
0012b564 00000004 b ptmuRefCount
0012b568 00000006 b aVec
0012b570 00000004 b cPos
0012b574 00000006 b gRate
0012b57c 00000004 b hidRefCount
0012b580 00000004 b kDown
0012b584 00000004 b kHeld
0012b588 00000004 b kOld
0012b58c 00000004 b kUp
0012b590 00000004 b tPos
0012b594 00000004 b ptmSysmHandle
0012b598 00000004 b ptmSysmRefCount
0012b59c 00000004 b gspLcdRefCount
0012b5a0 00000080 b fsExemptArchives
0012b620 00000004 b fsuHandle
0012b624 00000004 b fsuRefCount
0012b628 00000004 V __ctru_heap_size
0012b62c 00000008 b sMappablePool
0012b634 0000000c b sAddrMap
0012b640 00000004 b arbiter
0012b644 00000004 b csPos
0012b648 00000004 b irrstRefCount
0012b64c 00000004 b kHeld
0012b650 00000004 B SOCU_handle
0012b654 00000004 B socMemhandle
0012b658 00000008 b sdmcArchive
0012b660 00000001 b sdmcInitialised
0012b664 00000028 B __malloc_current_mallinfo
0012b68c 00000004 B __malloc_max_sbrked_mem
0012b690 00000004 B __malloc_max_total_mem
0012b694 00000004 B __malloc_top_pad
0012b698 00000004 b heap_start.7392
0012b69c 00000004 B fake_heap_end
0012b6a0 00000004 B fake_heap_start
0012b6a4 00001000 b temp_cwd
0012c6a4 00000048 B __syscalls
0012c6ec 00000004 B sizeBuf
0012c6f0 00000004 B staticBuf
0012c6f4 00000008 B drive_icon
0012c6fc 00000004 B dynamicBuf
0012c700 00000004 B RENDER_BOTTOM
0012c704 00000008 B banner
0012c70c 00000004 B RENDER_TOP
0012c710 0000005c B exitJmp
0012c770 00000008 B archive
0012c778 00000388 B __C2Di_Context
0012cb00 000002b8 B __C3D_Context
0012cdb8 00000020 B C3D_IVUnif
0012cdd8 000000c0 B C3D_FVUnifDirty
0012ce98 00000002 B C3D_BoolUnifsDirty
0012ce9c 00000008 B C3D_IVUnifDirty
0012cea4 00000004 B C3D_BoolUnifs
0012cea8 00000c00 B C3D_FVUnif
0012daa8 00000004 B g_sharedFont
0012daac 00000008 B gfxBottomFramebuffers
0012dab4 00000004 B gspSharedMemHandle
0012dab8 0000001c B bottomFramebufferInfo
0012dad4 00000004 B gspEvent
0012dad8 00000008 B gfxTopLeftFramebuffers
0012dae0 00000008 B gfxTopRightFramebuffers
0012dae8 0000001c B topFramebufferInfo
0012db04 00000001 B gfxThreadID
0012db08 00000004 B gfxSharedMemory
0012db0c 00000004 B gfxTopFramebufferMaxSize
0012db10 00000004 B gfxBottomFramebufferMaxSize
0012db14 00000004 B gxCmdBuf
0012db18 00000004 B gpuCmdBuf
0012db1c 00000004 B gpuCmdBufOffset
0012db20 00000004 B gpuCmdBufSize
0012db24 00000004 B gspGpuHandle
0012db28 00000004 B hidMemHandle
0012db2c 00000004 B hidHandle
0012db30 00000004 B hidSharedMem
0012db34 00000014 B hidEvents
0012db48 00000004 B gspLcdHandle
0012db4c 00000004 B __system_retAddr
0012db50 00000004 B __ctru_linear_heap
0012db54 00000004 B __ctru_heap
0012db58 00000004 B __system_argv
0012db5c 00000004 B __system_argc
0012db60 00000004 B irrstHandle
0012db64 00000004 B irrstEvent
0012db68 00000004 B irrstMemHandle
0012db6c 00000004 B irrstSharedMem
0012db70 B __tls_start
0012ef7c B __bss_end__
0012ef7c A __end__
0012ef7c B __tls_end
